/usr/bin/make all --print-data-base --no-builtin-variables --no-builtin-rules --question
# GNU Make 3.81
# Copyright (C) 2006  Free Software Foundation, Inc.
# This is free software; see the source for copying conditions.
# There is NO warranty; not even for MERCHANTABILITY or FITNESS FOR A
# PARTICULAR PURPOSE.

# This program built for i386-apple-darwin11.3.0

# Make data base, printed on Mon Mar  7 11:35:19 2022

# Variables

# automatic
<D = $(patsubst %/,%,$(dir $<))
# automatic
?F = $(notdir $?)
# environment
COCOS2DX_ROOT = /Users/cosmos/Documents/cocos2d-x-3.3
# environment
VSCODE_LOG_NATIVE = false
# automatic
?D = $(patsubst %/,%,$(dir $?))
# automatic
@D = $(patsubst %/,%,$(dir $@))
# automatic
@F = $(notdir $@)
# makefile
CURDIR := /Users/cosmos/Documents/DeepLearning
# makefile
SHELL = /bin/sh
# environment
VSCODE_NLS_CONFIG = {"locale":"en","availableLanguages":{},"_languagePackSupport":true}
# environment
_ = /usr/bin/make
# environment
MAVEN_HOME = /Users/cosmos/documents/apache-maven-3.1.1
# makefile
MAKEFILE_LIST := 
# environment
VSCODE_AMD_ENTRYPOINT = vs/workbench/api/node/extensionHostProcess
# environment
VSCODE_VERBOSE_LOGGING = true
# environment
__CFBundleIdentifier = com.microsoft.VSCode
# environment
VSCODE_IPC_HOOK_EXTHOST = /var/folders/9_/7g65ghj10sl0j9cknlb4kn080000gq/T/vscode-ipc-1f55de53-36b3-4398-8d3e-b6cb80e97405.sock
# environment
VSCODE_CWD = /
# environment
GOPROXY = https://proxy.golang.org,direct
# environment
PATH = /usr/local/opt/unzip/bin:/usr/local/opt/openssl@1.1/bin:/Users/cosmos/npm-global/bin:/Applications/Android Studio.app/Contents/plugins/Kotlin/kotlinc/bin:/usr/local/bin:/Users/cosmos/Documents/github/depot_tools:~/Documents/dev_tool/bazel-0.5.4-dist:~/Documents/dev_tool/pngquant:/usr/local/Cellar/ant/1.9.4/libexec/bin:/Users/cosmos/documents/apache-maven-3.1.1/bin:/Library/Java/JavaVirtualMachines/jdk1.8.0_92.jdk/Contents/Home/bin:/Users/cosmos/bin:/usr/local/bin:/usr/local/sbin:/opt/local/bin:/opt/local/sbin:/usr/local/bin:/usr/bin:/bin:/usr/sbin:/sbin:/Library/Apple/usr/bin:/Library/Frameworks/Mono.framework/Versions/Current/Commands:/usr/local/git/bin:/Users/cosmos/Documents/SDK/android-sdk-macosx/platform-tools/:/Users/cosmos/Documents/SDK/android-sdk-macosx/tools/:/Users/cosmos/Documents/SDK/android-sdk-macosx/ndk-bundle:/Users/cosmos/Documents/SDK/android-sdk-macosx/ndk-bundle/toolchains/arm-linux-androideabi-4.8/prebuilt/darwin-x86_64/bin:/usr/local/Cellar/go/1.8.1/bin
# environment
BAZELPATH = ~/Documents/dev_tool/bazel-0.5.4-dist
# environment
LSCOLORS = Gxfxcxdxbxegedabagacad
# environment
GOPATH = /usr/local/Cellar/go/1.8.1
# environment
ANDROID_SDK_TOOLS = /Users/cosmos/Documents/SDK/android-sdk-macosx/platform-tools
# environment
LaunchInstanceID = D24C0402-9DF8-4445-AC7A-5EF2B659F772
# environment
VSCODE_LOG_STACK = false
# environment
ELECTRON_RUN_AS_NODE = 1
# environment
ANDROID_HOME = /Users/cosmos/Documents/SDK/android-sdk-macosx/
# default
.FEATURES := target-specific order-only second-expansion else-if archives jobserver check-symlink
# environment
SSH_AUTH_SOCK = /private/tmp/com.apple.launchd.ffuCxLJL1E/Listeners
# automatic
%F = $(notdir $%)
# environment
GOBIN = /usr/local/Cellar/go/1.8.1/bin
# environment
depot_tools = /Users/cosmos/Documents/github/depot_tools
# environment
VSCODE_PIPE_LOGGING = true
# environment
ANDROID_NDK = /Users/cosmos/Documents/SDK/android-sdk-macosx/ndk-bundle
# environment
PWD = /Users/cosmos/Documents/DeepLearning
# environment
ORIGINAL_XDG_CURRENT_DESKTOP = undefined
# environment
GOMODCACHE = /usr/local/Cellar/go/1.8.1/pkg/mod
# environment
HOME = /Users/cosmos
# default
MAKEFILEPATH := /Applications/Xcode.app/Contents/Developer/Makefiles
# environment
VSCODE_CODE_CACHE_PATH = /Users/cosmos/Library/Application Support/Code/CachedData/b5205cc8eb4fbaa726835538cd82372cc0222d43
# environment
LOGNAME = cosmos
# environment
APPLICATION_INSIGHTS_NO_DIAGNOSTIC_CHANNEL = 1
# environment
ZSH = /Users/cosmos/.oh-my-zsh
# environment
VSCODE_HANDLES_UNCAUGHT_ERRORS = true
# automatic
^D = $(patsubst %/,%,$(dir $^))
# environment
XPC_FLAGS = 0x0
# default
MAKE = $(MAKE_COMMAND)
# default
MAKECMDGOALS := all
# environment
ANDROID_NDK_HOME = /Users/cosmos/Documents/SDK/android-sdk-macosx/ndk-bundle
# environment
SHLVL = 1
# environment
JAVA_HOME = /Library/Java/JavaVirtualMachines/jdk1.8.0_92.jdk/Contents/Home
# default
MAKE_VERSION := 3.81
# environment
USER = cosmos
# makefile
.DEFAULT_GOAL := 
# environment
PNTQUANTPATH = ~/Documents/dev_tool/pngquant
# environment
HOMEBREW_BOTTLE_DOMAIN = https://mirrors.aliyun.com/homebrew/homebrew-bottles
# environment
CLASSPATH = .:/Library/Java/JavaVirtualMachines/jdk1.8.0_92.jdk/Contents/Home/lib/dt.jar:/Library/Java/JavaVirtualMachines/jdk1.8.0_92.jdk/Contents/Home/lib/tools.jar
# environment
LESS = -R
# automatic
%D = $(patsubst %/,%,$(dir $%))
# default
MAKE_COMMAND := /Applications/Xcode.app/Contents/Developer/usr/bin/make
# default
.VARIABLES := 
# environment
TMPDIR = /var/folders/9_/7g65ghj10sl0j9cknlb4kn080000gq/T/
# automatic
*F = $(notdir $*)
# environment
VSCODE_IPC_HOOK = /Users/cosmos/Library/Application Support/Code/1.65.0-main.sock
# makefile
MAKEFLAGS = Rrqp
# environment
MFLAGS = -Rrqp
# automatic
*D = $(patsubst %/,%,$(dir $*))
# environment
XPC_SERVICE_NAME = application.com.microsoft.VSCode.258706049.258706055
# automatic
+D = $(patsubst %/,%,$(dir $+))
# automatic
+F = $(notdir $+)
# environment
JAVA_7_HOME = /Library/Java/JavaVirtualMachines/jdk1.7.0_71.jdk/Contents/Home
# environment
__CF_USER_TEXT_ENCODING = 0x1F7:0x19:0x34
# environment
 
make: *** No rule to make target `all'.  Stop.
 
COMMAND_MODE = unix2003
# default
MAKEFILES := 
# automatic
<F = $(notdir $<)
# environment
kotlin_compiler_bin = /Applications/Android Studio.app/Contents/plugins/Kotlin/kotlinc/bin
# environment
NDK_ROOT = /Users/cosmos/Documents/SDK/android-sdk-macosx/ndk-bundle
# environment
PAGER = less
# environment
ANDROID_SDK_ROOT = /Users/cosmos/Documents/SDK/android-sdk-macosx/
# environment
LC_ALL = C
# environment
JAVA_TOOL_OPTIONS = -Dfile.encoding=UTF-8
# environment
SECURITYSESSIONID = 186a4
# automatic
^F = $(notdir $^)
# default
SUFFIXES := 
# environment
ANT_ROOT = /usr/local/Cellar/ant/1.9.4/libexec/bin
# default
.INCLUDE_DIRS = /usr/local/include
# environment
MAKELEVEL := 0
# environment
LANG = C
# environment
JAVA_8_HOME = /Library/Java/JavaVirtualMachines/jdk1.8.0_92.jdk/Contents/Home
# environment
VSCODE_PID = 88067
# variable set hash-table stats:
# Load=91/1024=9%, Rehash=0, Collisions=5/112=4%

# Pattern-specific Variable Values

# No pattern-specific variable values.

# Directories

# . (device 16777220, inode 28216105): 14 files, no impossibilities.

# 14 files, no impossibilities in 1 directories.

# Implicit Rules

# No implicit rules.

# Files

# Not a target:
all:
#  Command-line target.
#  Implicit rule search has been done.
#  File does not exist.
#  File has not been updated.
# variable set hash-table stats:
# Load=0/32=0%, Rehash=0, Collisions=0/0=0%

# Not a target:
.SUFFIXES:
#  Implicit rule search has not been done.
#  Modification time never checked.
#  File has not been updated.

# Not a target:
Makefile:
#  A default, MAKEFILES, or -include/sinclude makefile.
#  Implicit rule search has been done.
#  File does not exist.
#  File has been updated.
#  Failed to be updated.
# variable set hash-table stats:
# Load=0/32=0%, Rehash=0, Collisions=0/0=0%

# Not a target:
makefile:
#  A default, MAKEFILES, or -include/sinclude makefile.
#  Implicit rule search has been done.
#  File does not exist.
#  File has been updated.
#  Failed to be updated.
# variable set hash-table stats:
# Load=0/32=0%, Rehash=0, Collisions=0/0=0%

# Not a target:
.DEFAULT:
#  Implicit rule search has not been done.
#  Modification time never checked.
#  File has not been updated.

# Not a target:
GNUmakefile:
#  A default, MAKEFILES, or -include/sinclude makefile.
#  Implicit rule search has been done.
#  File does not exist.
#  File has been updated.
#  Failed to be updated.
# variable set hash-table stats:
# Load=0/32=0%, Rehash=0, Collisions=0/0=0%

# files hash-table stats:
# Load=6/1024=1%, Rehash=0, Collisions=0/17=0%
# VPATH Search Paths

# No `vpath' search paths.

# No general (`VPATH' variable) search path.

# # of strings in strcache: 0
# # of strcache buffers: 0
# strcache size: total = 0 / max = 0 / min = 4096 / avg = 0
# strcache free: total = 0 / max = 0 / min = 4096 / avg = 0

# Finished Make data base on Mon Mar  7 11:35:19 2022

 
